[debug] [2023-06-02T21:12:24.346Z] ----------------------------------------------------------------------
[debug] [2023-06-02T21:12:24.352Z] Command:       C:\Program Files\nodejs\node.exe C:\Users\YJIAN\AppData\Roaming\npm\node_modules\firebase-tools\lib\bin\firebase.js deploy --only functions
[debug] [2023-06-02T21:12:24.353Z] CLI Version:   11.17.0
[debug] [2023-06-02T21:12:24.354Z] Platform:      win32
[debug] [2023-06-02T21:12:24.354Z] Node Version:  v16.17.0
[debug] [2023-06-02T21:12:24.356Z] Time:          Fri Jun 02 2023 14:12:24 GMT-0700 (Pacific Daylight Time)
[debug] [2023-06-02T21:12:24.357Z] ----------------------------------------------------------------------
[debug] 
[debug] [2023-06-02T21:12:24.496Z] > command requires scopes: ["email","openid","https://www.googleapis.com/auth/cloudplatformprojects.readonly","https://www.googleapis.com/auth/firebase","https://www.googleapis.com/auth/cloud-platform"]
[debug] [2023-06-02T21:12:24.496Z] > authorizing via signed-in user (kjiang1990@gmail.com)
[debug] [2023-06-02T21:12:24.497Z] [iam] checking project solutionsapp-55198 for permissions ["cloudfunctions.functions.create","cloudfunctions.functions.delete","cloudfunctions.functions.get","cloudfunctions.functions.list","cloudfunctions.functions.update","cloudfunctions.operations.get","firebase.projects.get"]
[debug] [2023-06-02T21:12:24.502Z] >>> [apiv2][query] POST https://cloudresourcemanager.googleapis.com/v1/projects/solutionsapp-55198:testIamPermissions [none]
[debug] [2023-06-02T21:12:24.502Z] >>> [apiv2][(partial)header] POST https://cloudresourcemanager.googleapis.com/v1/projects/solutionsapp-55198:testIamPermissions x-goog-quota-user=projects/solutionsapp-55198
[debug] [2023-06-02T21:12:24.503Z] >>> [apiv2][body] POST https://cloudresourcemanager.googleapis.com/v1/projects/solutionsapp-55198:testIamPermissions {"permissions":["cloudfunctions.functions.create","cloudfunctions.functions.delete","cloudfunctions.functions.get","cloudfunctions.functions.list","cloudfunctions.functions.update","cloudfunctions.operations.get","firebase.projects.get"]}
[debug] [2023-06-02T21:12:24.685Z] <<< [apiv2][status] POST https://cloudresourcemanager.googleapis.com/v1/projects/solutionsapp-55198:testIamPermissions 200
[debug] [2023-06-02T21:12:24.685Z] <<< [apiv2][body] POST https://cloudresourcemanager.googleapis.com/v1/projects/solutionsapp-55198:testIamPermissions {"permissions":["cloudfunctions.functions.create","cloudfunctions.functions.delete","cloudfunctions.functions.get","cloudfunctions.functions.list","cloudfunctions.functions.update","cloudfunctions.operations.get","firebase.projects.get"]}
[debug] [2023-06-02T21:12:24.685Z] >>> [apiv2][query] POST https://iam.googleapis.com/v1/projects/solutionsapp-55198/serviceAccounts/solutionsapp-55198@appspot.gserviceaccount.com:testIamPermissions [none]
[debug] [2023-06-02T21:12:24.686Z] >>> [apiv2][body] POST https://iam.googleapis.com/v1/projects/solutionsapp-55198/serviceAccounts/solutionsapp-55198@appspot.gserviceaccount.com:testIamPermissions {"permissions":["iam.serviceAccounts.actAs"]}
[debug] [2023-06-02T21:12:24.785Z] <<< [apiv2][status] POST https://iam.googleapis.com/v1/projects/solutionsapp-55198/serviceAccounts/solutionsapp-55198@appspot.gserviceaccount.com:testIamPermissions 200
[debug] [2023-06-02T21:12:24.786Z] <<< [apiv2][body] POST https://iam.googleapis.com/v1/projects/solutionsapp-55198/serviceAccounts/solutionsapp-55198@appspot.gserviceaccount.com:testIamPermissions {"permissions":["iam.serviceAccounts.actAs"]}
[info] 
[info] === Deploying to 'solutionsapp-55198'...
[info] 
[info] i  deploying functions 
[info] +  functions: Finished running predeploy script. 
[debug] [2023-06-02T21:12:24.795Z] >>> [apiv2][query] GET https://firebase.googleapis.com/v1beta1/projects/solutionsapp-55198 [none]
[debug] [2023-06-02T21:12:24.969Z] <<< [apiv2][status] GET https://firebase.googleapis.com/v1beta1/projects/solutionsapp-55198 200
[debug] [2023-06-02T21:12:24.969Z] <<< [apiv2][body] GET https://firebase.googleapis.com/v1beta1/projects/solutionsapp-55198 {"projectId":"solutionsapp-55198","projectNumber":"140130769187","displayName":"solutionsApp","name":"projects/solutionsapp-55198","resources":{"hostingSite":"solutionsapp-55198"},"state":"ACTIVE","etag":"1_d347f716-d46f-47cb-9d1b-d957d4d1897c"}
[info] i  functions: ensuring required API cloudfunctions.googleapis.com is enabled... 
[info] i  functions: ensuring required API cloudbuild.googleapis.com is enabled... 
[info] i  artifactregistry: ensuring required API artifactregistry.googleapis.com is enabled... 
[debug] [2023-06-02T21:12:24.975Z] >>> [apiv2][query] GET https://serviceusage.googleapis.com/v1/projects/solutionsapp-55198/services/cloudfunctions.googleapis.com [none]
[debug] [2023-06-02T21:12:24.975Z] >>> [apiv2][(partial)header] GET https://serviceusage.googleapis.com/v1/projects/solutionsapp-55198/services/cloudfunctions.googleapis.com x-goog-quota-user=projects/solutionsapp-55198
[debug] [2023-06-02T21:12:24.978Z] >>> [apiv2][query] GET https://serviceusage.googleapis.com/v1/projects/solutionsapp-55198/services/runtimeconfig.googleapis.com [none]
[debug] [2023-06-02T21:12:24.979Z] >>> [apiv2][(partial)header] GET https://serviceusage.googleapis.com/v1/projects/solutionsapp-55198/services/runtimeconfig.googleapis.com x-goog-quota-user=projects/solutionsapp-55198
[debug] [2023-06-02T21:12:24.982Z] >>> [apiv2][query] GET https://serviceusage.googleapis.com/v1/projects/solutionsapp-55198/services/cloudbuild.googleapis.com [none]
[debug] [2023-06-02T21:12:24.982Z] >>> [apiv2][(partial)header] GET https://serviceusage.googleapis.com/v1/projects/solutionsapp-55198/services/cloudbuild.googleapis.com x-goog-quota-user=projects/solutionsapp-55198
[debug] [2023-06-02T21:12:24.984Z] >>> [apiv2][query] GET https://serviceusage.googleapis.com/v1/projects/solutionsapp-55198/services/artifactregistry.googleapis.com [none]
[debug] [2023-06-02T21:12:24.985Z] >>> [apiv2][(partial)header] GET https://serviceusage.googleapis.com/v1/projects/solutionsapp-55198/services/artifactregistry.googleapis.com x-goog-quota-user=projects/solutionsapp-55198
[debug] [2023-06-02T21:12:25.470Z] <<< [apiv2][status] GET https://serviceusage.googleapis.com/v1/projects/solutionsapp-55198/services/runtimeconfig.googleapis.com 200
[debug] [2023-06-02T21:12:25.470Z] <<< [apiv2][body] GET https://serviceusage.googleapis.com/v1/projects/solutionsapp-55198/services/runtimeconfig.googleapis.com [omitted]
[debug] [2023-06-02T21:12:25.490Z] <<< [apiv2][status] GET https://serviceusage.googleapis.com/v1/projects/solutionsapp-55198/services/artifactregistry.googleapis.com 200
[debug] [2023-06-02T21:12:25.491Z] <<< [apiv2][body] GET https://serviceusage.googleapis.com/v1/projects/solutionsapp-55198/services/artifactregistry.googleapis.com [omitted]
[info] +  artifactregistry: required API artifactregistry.googleapis.com is enabled 
[debug] [2023-06-02T21:12:25.501Z] <<< [apiv2][status] GET https://serviceusage.googleapis.com/v1/projects/solutionsapp-55198/services/cloudbuild.googleapis.com 200
[debug] [2023-06-02T21:12:25.502Z] <<< [apiv2][body] GET https://serviceusage.googleapis.com/v1/projects/solutionsapp-55198/services/cloudbuild.googleapis.com [omitted]
[info] +  functions: required API cloudbuild.googleapis.com is enabled 
[debug] [2023-06-02T21:12:25.508Z] <<< [apiv2][status] GET https://serviceusage.googleapis.com/v1/projects/solutionsapp-55198/services/cloudfunctions.googleapis.com 200
[debug] [2023-06-02T21:12:25.508Z] <<< [apiv2][body] GET https://serviceusage.googleapis.com/v1/projects/solutionsapp-55198/services/cloudfunctions.googleapis.com [omitted]
[info] +  functions: required API cloudfunctions.googleapis.com is enabled 
[debug] [2023-06-02T21:12:25.509Z] >>> [apiv2][query] GET https://firebase.googleapis.com/v1beta1/projects/solutionsapp-55198/adminSdkConfig [none]
[debug] [2023-06-02T21:12:25.656Z] <<< [apiv2][status] GET https://firebase.googleapis.com/v1beta1/projects/solutionsapp-55198/adminSdkConfig 200
[debug] [2023-06-02T21:12:25.656Z] <<< [apiv2][body] GET https://firebase.googleapis.com/v1beta1/projects/solutionsapp-55198/adminSdkConfig {"projectId":"solutionsapp-55198","storageBucket":"solutionsapp-55198.appspot.com"}
[debug] [2023-06-02T21:12:25.657Z] >>> [apiv2][query] GET https://runtimeconfig.googleapis.com/v1beta1/projects/solutionsapp-55198/configs [none]
[debug] [2023-06-02T21:12:25.922Z] <<< [apiv2][status] GET https://runtimeconfig.googleapis.com/v1beta1/projects/solutionsapp-55198/configs 200
[debug] [2023-06-02T21:12:25.922Z] <<< [apiv2][body] GET https://runtimeconfig.googleapis.com/v1beta1/projects/solutionsapp-55198/configs {}
[info] i  functions: preparing codebase default for deployment 
[debug] [2023-06-02T21:12:25.925Z] Validating nodejs source
[debug] [2023-06-02T21:12:29.900Z] > [functions] package.json contents: {
  "name": "functions",
  "description": "Cloud Functions for Firebase",
  "scripts": {
    "serve": "firebase emulators:start --only functions",
    "shell": "firebase functions:shell",
    "start": "npm run shell",
    "deploy": "firebase deploy --only functions",
    "logs": "firebase functions:log"
  },
  "engines": {
    "node": "16"
  },
  "main": "index.js",
  "dependencies": {
    "firebase-admin": "^11.8.0",
    "firebase-functions": "^4.3.1",
    "axios": "^0.24.0",
    "p-locate": "^4.1.0",
    "semver": "^6.3.0",
    "braces": "^3.0.2",
    "fill-range": "^7.0.1",
    "to-regex-range": "^5.0.1",
    "mimic-fn": "^2.1.0",
    "p-limit": "^2.3.0",
    "error-ex": "^1.3.2",
    "json-parse-even-better-errors": "^2.3.1",
    "lines-and-columns": "^1.2.4",
    "is-arrayish": "^0.2.1",
    "ansi-styles": "^5.2.0",
    "react-is": "^18.2.0",
    "kleur": "^3.0.3",
    "sisteransi": "^1.0.5",
    "is-core-module": "^2.12.1",
    "path-parse": "^1.0.7",
    "supports-preserve-symlinks-flag": "^1.0.0",
    "shebang-regex": "^3.0.0",
    "buffer-from": "^1.1.2",
    "escape-string-regexp": "^2.0.0",
    "char-regex": "^1.0.2",
    "glob": "^7.2.3",
    "is-number": "^7.0.0",
    "picocolors": "^1.0.0",
    "convert-source-map": "^1.9.0",
    "makeerror": "^1.0.12",
    "tmpl": "^1.0.5",
    "isexe": "^2.0.0",
    "imurmurhash": "^0.1.4",
    "yallist": "^3.1.1",
    "supports-color": "^5.5.0",
    "color-convert": "^1.9.3",
    "color-name": "^1.1.3",
    "has-flag": "^3.0.0",
    "sprintf-js": "^1.0.3",
    "p-try": "^2.2.0"
  },
  "devDependencies": {
    "firebase-functions-test": "^3.1.0"
  },
  "private": true
}
[debug] [2023-06-02T21:12:29.900Z] Building nodejs source
[debug] [2023-06-02T21:12:29.902Z] Could not find functions.yaml. Must use http discovery
[debug] [2023-06-02T21:12:30.295Z] Serving at port 9005

[debug] [2023-06-02T21:12:30.763Z] ping recieved

[debug] [2023-06-02T21:12:30.772Z] Got response from /__/functions.yaml {"endpoints":{"sendNotification":{"platform":"gcfv1","availableMemoryMb":null,"timeoutSeconds":null,"minInstances":null,"maxInstances":null,"ingressSettings":null,"serviceAccountEmail":null,"vpc":null,"eventTrigger":{"eventType":"providers/cloud.firestore/eventTypes/document.create","eventFilters":{"resource":"projects/solutionsapp-55198/databases/(default)/documents/posts/{postId}"},"retry":false},"labels":{},"entryPoint":"sendNotification"}},"specVersion":"v1alpha1","requiredAPIs":[]}
[debug] [2023-06-02T21:12:30.786Z] shutdown requested via /__/quitquitquit

[info] i  functions: preparing ./functions directory for uploading... 
[info] i  functions: packaged C:\Users\YJIAN\Projects2\solutionsApp\functions (39.64 KB) for uploading 
[debug] [2023-06-02T21:12:30.926Z] >>> [apiv2][query] GET https://cloudfunctions.googleapis.com/v1/projects/solutionsapp-55198/locations/-/functions [none]
[debug] [2023-06-02T21:12:31.339Z] <<< [apiv2][status] GET https://cloudfunctions.googleapis.com/v1/projects/solutionsapp-55198/locations/-/functions 200
[debug] [2023-06-02T21:12:31.339Z] <<< [apiv2][body] GET https://cloudfunctions.googleapis.com/v1/projects/solutionsapp-55198/locations/-/functions {"functions":[{"name":"projects/solutionsapp-55198/locations/us-central1/functions/sendNotification","eventTrigger":{"eventType":"providers/cloud.firestore/eventTypes/document.create","resource":"projects/solutionsapp-55198/databases/(default)/documents/posts/{postId}","service":"firestore.googleapis.com","failurePolicy":{}},"status":"OFFLINE","entryPoint":"sendNotification","timeout":"60s","availableMemoryMb":256,"serviceAccountEmail":"solutionsapp-55198@appspot.gserviceaccount.com","updateTime":"2023-06-02T21:10:00.402Z","versionId":"1","labels":{"deployment-tool":"cli-firebase","firebase-functions-hash":"999492f938a40bbe6fdb971567ae333b59336663"},"sourceUploadUrl":"https://storage.googleapis.com/uploads-314849732836.us-central1.cloudfunctions.appspot.com/76457a60-cc07-47da-b3e6-a01008136703.zip","environmentVariables":{"FIREBASE_CONFIG":"{\"projectId\":\"solutionsapp-55198\",\"storageBucket\":\"solutionsapp-55198.appspot.com\"}","GCLOUD_PROJECT":"solutionsapp-55198","EVENTARC_CLOUD_EVENT_SOURCE":"projects/solutionsapp-55198/locations/us-central1/functions/sendNotification"},"runtime":"nodejs16","maxInstances":3000,"ingressSettings":"ALLOW_ALL","buildId":"c23555f6-855d-437c-9c62-56510c71374d","buildName":"projects/140130769187/locations/us-central1/builds/c23555f6-855d-437c-9c62-56510c71374d","dockerRegistry":"ARTIFACT_REGISTRY"}]}
[debug] [2023-06-02T21:12:31.340Z] >>> [apiv2][query] GET https://cloudfunctions.googleapis.com/v2/projects/solutionsapp-55198/locations/-/functions filter=environment%3D%22GEN_2%22
[debug] [2023-06-02T21:12:31.757Z] <<< [apiv2][status] GET https://cloudfunctions.googleapis.com/v2/projects/solutionsapp-55198/locations/-/functions 200
[debug] [2023-06-02T21:12:31.757Z] <<< [apiv2][body] GET https://cloudfunctions.googleapis.com/v2/projects/solutionsapp-55198/locations/-/functions {}
[debug] [2023-06-02T21:12:31.773Z] >>> [apiv2][query] GET https://firebase.googleapis.com/v1beta1/projects/solutionsapp-55198 [none]
[debug] [2023-06-02T21:12:31.925Z] <<< [apiv2][status] GET https://firebase.googleapis.com/v1beta1/projects/solutionsapp-55198 200
[debug] [2023-06-02T21:12:31.925Z] <<< [apiv2][body] GET https://firebase.googleapis.com/v1beta1/projects/solutionsapp-55198 {"projectId":"solutionsapp-55198","projectNumber":"140130769187","displayName":"solutionsApp","name":"projects/solutionsapp-55198","resources":{"hostingSite":"solutionsapp-55198"},"state":"ACTIVE","etag":"1_d347f716-d46f-47cb-9d1b-d957d4d1897c"}
[debug] [2023-06-02T21:12:31.929Z] >>> [apiv2][query] POST https://cloudfunctions.googleapis.com/v1/projects/solutionsapp-55198/locations/us-central1/functions:generateUploadUrl [none]
[debug] [2023-06-02T21:12:31.929Z] >>> [apiv2][body] POST https://cloudfunctions.googleapis.com/v1/projects/solutionsapp-55198/locations/us-central1/functions:generateUploadUrl {}
[debug] [2023-06-02T21:12:32.579Z] <<< [apiv2][status] POST https://cloudfunctions.googleapis.com/v1/projects/solutionsapp-55198/locations/us-central1/functions:generateUploadUrl 200
[debug] [2023-06-02T21:12:32.579Z] <<< [apiv2][body] POST https://cloudfunctions.googleapis.com/v1/projects/solutionsapp-55198/locations/us-central1/functions:generateUploadUrl {"uploadUrl":"https://storage.googleapis.com/uploads-314849732836.us-central1.cloudfunctions.appspot.com/a6a65ef3-f4d0-4ed7-93e6-d405c2136af5.zip?GoogleAccessId=service-140130769187@gcf-admin-robot.iam.gserviceaccount.com&Expires=1685742153&Signature=G7Bb9vnjxdX4SOgQuCdtO10X6jE%2BdNeosPADa2d9VT9%2BASG%2FFWoRqmWqne4U%2FqSQlf7BWD%2F3L8hY%2FQiiPu01Fmm6Z5m2RXi7LVqIBnDx2zKnJBvcVxwh81uW2O3e2IzLLtOfGcLmB9Dr%2BMp%2FnQQDSTjB56Oa08EAAmh8wZDBDkUjhCSVKM5z33Uk%2FLr3mmvJLjOqCltcZf%2FMd4S5EpHZBQm94LI8H%2BfBhPYLGRwgjiARvxOXE3QA%2FPK8GpCv6JuYI1Lmu7RR052syfqnK%2Fwg2nM1DYo78MT9niESukZwdzTs8WKEjqo%2BvHpiPblOy8boRp77XpZw6uHsePlajUdwzQ%3D%3D"}
[debug] [2023-06-02T21:12:32.580Z] >>> [apiv2][query] PUT https://storage.googleapis.com/uploads-314849732836.us-central1.cloudfunctions.appspot.com/a6a65ef3-f4d0-4ed7-93e6-d405c2136af5.zip GoogleAccessId=service-140130769187%40gcf-admin-robot.iam.gserviceaccount.com&Expires=1685742153&Signature=G7Bb9vnjxdX4SOgQuCdtO10X6jE%2BdNeosPADa2d9VT9%2BASG%2FFWoRqmWqne4U%2FqSQlf7BWD%2F3L8hY%2FQiiPu01Fmm6Z5m2RXi7LVqIBnDx2zKnJBvcVxwh81uW2O3e2IzLLtOfGcLmB9Dr%2BMp%2FnQQDSTjB56Oa08EAAmh8wZDBDkUjhCSVKM5z33Uk%2FLr3mmvJLjOqCltcZf%2FMd4S5EpHZBQm94LI8H%2BfBhPYLGRwgjiARvxOXE3QA%2FPK8GpCv6JuYI1Lmu7RR052syfqnK%2Fwg2nM1DYo78MT9niESukZwdzTs8WKEjqo%2BvHpiPblOy8boRp77XpZw6uHsePlajUdwzQ%3D%3D
[debug] [2023-06-02T21:12:32.580Z] >>> [apiv2][body] PUT https://storage.googleapis.com/uploads-314849732836.us-central1.cloudfunctions.appspot.com/a6a65ef3-f4d0-4ed7-93e6-d405c2136af5.zip [stream]
[debug] [2023-06-02T21:12:32.765Z] <<< [apiv2][status] PUT https://storage.googleapis.com/uploads-314849732836.us-central1.cloudfunctions.appspot.com/a6a65ef3-f4d0-4ed7-93e6-d405c2136af5.zip 200
[debug] [2023-06-02T21:12:32.765Z] <<< [apiv2][body] PUT https://storage.googleapis.com/uploads-314849732836.us-central1.cloudfunctions.appspot.com/a6a65ef3-f4d0-4ed7-93e6-d405c2136af5.zip [omitted]
[info] +  functions: ./functions folder uploaded successfully 
[info] i  functions: updating Node.js 16 function sendNotification(us-central1)... 
[debug] [2023-06-02T21:12:32.773Z] >>> [apiv2][query] PATCH https://cloudfunctions.googleapis.com/v1/projects/solutionsapp-55198/locations/us-central1/functions/sendNotification updateMask=name%2CsourceUploadUrl%2CentryPoint%2Cruntime%2CdockerRegistry%2Clabels%2CeventTrigger.eventType%2CeventTrigger.resource%2CeventTrigger.failurePolicy%2CminInstances%2CmaxInstances%2CingressSettings%2CenvironmentVariables%2CserviceAccountEmail%2CavailableMemoryMb%2Ctimeout%2CvpcConnector%2CvpcConnectorEgressSettings%2CsourceToken
[debug] [2023-06-02T21:12:32.774Z] >>> [apiv2][body] PATCH https://cloudfunctions.googleapis.com/v1/projects/solutionsapp-55198/locations/us-central1/functions/sendNotification {"name":"projects/solutionsapp-55198/locations/us-central1/functions/sendNotification","sourceUploadUrl":"https://storage.googleapis.com/uploads-314849732836.us-central1.cloudfunctions.appspot.com/a6a65ef3-f4d0-4ed7-93e6-d405c2136af5.zip?GoogleAccessId=service-140130769187@gcf-admin-robot.iam.gserviceaccount.com&Expires=1685742153&Signature=G7Bb9vnjxdX4SOgQuCdtO10X6jE%2BdNeosPADa2d9VT9%2BASG%2FFWoRqmWqne4U%2FqSQlf7BWD%2F3L8hY%2FQiiPu01Fmm6Z5m2RXi7LVqIBnDx2zKnJBvcVxwh81uW2O3e2IzLLtOfGcLmB9Dr%2BMp%2FnQQDSTjB56Oa08EAAmh8wZDBDkUjhCSVKM5z33Uk%2FLr3mmvJLjOqCltcZf%2FMd4S5EpHZBQm94LI8H%2BfBhPYLGRwgjiARvxOXE3QA%2FPK8GpCv6JuYI1Lmu7RR052syfqnK%2Fwg2nM1DYo78MT9niESukZwdzTs8WKEjqo%2BvHpiPblOy8boRp77XpZw6uHsePlajUdwzQ%3D%3D","entryPoint":"sendNotification","runtime":"nodejs16","dockerRegistry":"ARTIFACT_REGISTRY","labels":{"deployment-tool":"cli-firebase","firebase-functions-hash":"9a805a0190663fd24ea92652dafd3f614e3ded03"},"eventTrigger":{"eventType":"providers/cloud.firestore/eventTypes/document.create","resource":"projects/solutionsapp-55198/databases/(default)/documents/posts/{postId}"},"minInstances":null,"maxInstances":null,"ingressSettings":null,"environmentVariables":{"FIREBASE_CONFIG":"{\"projectId\":\"solutionsapp-55198\",\"storageBucket\":\"solutionsapp-55198.appspot.com\"}","GCLOUD_PROJECT":"solutionsapp-55198","EVENTARC_CLOUD_EVENT_SOURCE":"projects/solutionsapp-55198/locations/us-central1/functions/sendNotification"},"serviceAccountEmail":null,"availableMemoryMb":null,"timeout":null,"vpcConnector":null,"vpcConnectorEgressSettings":null}
[debug] [2023-06-02T21:12:33.155Z] <<< [apiv2][status] PATCH https://cloudfunctions.googleapis.com/v1/projects/solutionsapp-55198/locations/us-central1/functions/sendNotification 200
[debug] [2023-06-02T21:12:33.156Z] <<< [apiv2][body] PATCH https://cloudfunctions.googleapis.com/v1/projects/solutionsapp-55198/locations/us-central1/functions/sendNotification {"name":"operations/c29sdXRpb25zYXBwLTU1MTk4L3VzLWNlbnRyYWwxL3NlbmROb3RpZmljYXRpb24vMFhDTVlDWE8wcEE","metadata":{"@type":"type.googleapis.com/google.cloud.functions.v1.OperationMetadataV1","target":"projects/solutionsapp-55198/locations/us-central1/functions/sendNotification","type":"UPDATE_FUNCTION","request":{"@type":"type.googleapis.com/google.cloud.functions.v1.CloudFunction","name":"projects/solutionsapp-55198/locations/us-central1/functions/sendNotification","eventTrigger":{"eventType":"providers/cloud.firestore/eventTypes/document.create","resource":"projects/solutionsapp-55198/databases/(default)/documents/posts/{postId}","service":"firestore.googleapis.com"},"status":"OFFLINE","entryPoint":"sendNotification","updateTime":"2023-06-02T21:10:00.402Z","versionId":"1","labels":{"deployment-tool":"cli-firebase","firebase-functions-hash":"9a805a0190663fd24ea92652dafd3f614e3ded03"},"sourceUploadUrl":"https://storage.googleapis.com/uploads-314849732836.us-central1.cloudfunctions.appspot.com/a6a65ef3-f4d0-4ed7-93e6-d405c2136af5.zip?GoogleAccessId=service-140130769187@gcf-admin-robot.iam.gserviceaccount.com&Expires=1685742153&Signature=G7Bb9vnjxdX4SOgQuCdtO10X6jE%2BdNeosPADa2d9VT9%2BASG%2FFWoRqmWqne4U%2FqSQlf7BWD%2F3L8hY%2FQiiPu01Fmm6Z5m2RXi7LVqIBnDx2zKnJBvcVxwh81uW2O3e2IzLLtOfGcLmB9Dr%2BMp%2FnQQDSTjB56Oa08EAAmh8wZDBDkUjhCSVKM5z33Uk%2FLr3mmvJLjOqCltcZf%2FMd4S5EpHZBQm94LI8H%2BfBhPYLGRwgjiARvxOXE3QA%2FPK8GpCv6JuYI1Lmu7RR052syfqnK%2Fwg2nM1DYo78MT9niESukZwdzTs8WKEjqo%2BvHpiPblOy8boRp77XpZw6uHsePlajUdwzQ%3D%3D","environmentVariables":{"FIREBASE_CONFIG":"{\"projectId\":\"solutionsapp-55198\",\"storageBucket\":\"solutionsapp-55198.appspot.com\"}","GCLOUD_PROJECT":"solutionsapp-55198","EVENTARC_CLOUD_EVENT_SOURCE":"projects/solutionsapp-55198/locations/us-central1/functions/sendNotification"},"runtime":"nodejs16","buildId":"c23555f6-855d-437c-9c62-56510c71374d","buildName":"projects/140130769187/locations/us-central1/builds/c23555f6-855d-437c-9c62-56510c71374d","dockerRegistry":"ARTIFACT_REGISTRY"},"versionId":"2","updateTime":"2023-06-02T21:12:34Z"}}
[debug] [2023-06-02T21:12:33.157Z] >>> [apiv2][query] GET https://cloudfunctions.googleapis.com/v1/operations/c29sdXRpb25zYXBwLTU1MTk4L3VzLWNlbnRyYWwxL3NlbmROb3RpZmljYXRpb24vMFhDTVlDWE8wcEE [none]
[debug] [2023-06-02T21:12:33.337Z] <<< [apiv2][status] GET https://cloudfunctions.googleapis.com/v1/operations/c29sdXRpb25zYXBwLTU1MTk4L3VzLWNlbnRyYWwxL3NlbmROb3RpZmljYXRpb24vMFhDTVlDWE8wcEE 200
[debug] [2023-06-02T21:12:33.338Z] <<< [apiv2][body] GET https://cloudfunctions.googleapis.com/v1/operations/c29sdXRpb25zYXBwLTU1MTk4L3VzLWNlbnRyYWwxL3NlbmROb3RpZmljYXRpb24vMFhDTVlDWE8wcEE {"name":"operations/c29sdXRpb25zYXBwLTU1MTk4L3VzLWNlbnRyYWwxL3NlbmROb3RpZmljYXRpb24vMFhDTVlDWE8wcEE","metadata":{"@type":"type.googleapis.com/google.cloud.functions.v1.OperationMetadataV1","target":"projects/solutionsapp-55198/locations/us-central1/functions/sendNotification","type":"UPDATE_FUNCTION","request":{"@type":"type.googleapis.com/google.cloud.functions.v1.CloudFunction","name":"projects/solutionsapp-55198/locations/us-central1/functions/sendNotification","eventTrigger":{"eventType":"providers/cloud.firestore/eventTypes/document.create","resource":"projects/solutionsapp-55198/databases/(default)/documents/posts/{postId}","service":"firestore.googleapis.com"},"status":"OFFLINE","entryPoint":"sendNotification","updateTime":"2023-06-02T21:10:00.402Z","versionId":"1","labels":{"deployment-tool":"cli-firebase","firebase-functions-hash":"9a805a0190663fd24ea92652dafd3f614e3ded03"},"sourceUploadUrl":"https://storage.googleapis.com/uploads-314849732836.us-central1.cloudfunctions.appspot.com/a6a65ef3-f4d0-4ed7-93e6-d405c2136af5.zip?GoogleAccessId=service-140130769187@gcf-admin-robot.iam.gserviceaccount.com&Expires=1685742153&Signature=G7Bb9vnjxdX4SOgQuCdtO10X6jE%2BdNeosPADa2d9VT9%2BASG%2FFWoRqmWqne4U%2FqSQlf7BWD%2F3L8hY%2FQiiPu01Fmm6Z5m2RXi7LVqIBnDx2zKnJBvcVxwh81uW2O3e2IzLLtOfGcLmB9Dr%2BMp%2FnQQDSTjB56Oa08EAAmh8wZDBDkUjhCSVKM5z33Uk%2FLr3mmvJLjOqCltcZf%2FMd4S5EpHZBQm94LI8H%2BfBhPYLGRwgjiARvxOXE3QA%2FPK8GpCv6JuYI1Lmu7RR052syfqnK%2Fwg2nM1DYo78MT9niESukZwdzTs8WKEjqo%2BvHpiPblOy8boRp77XpZw6uHsePlajUdwzQ%3D%3D","environmentVariables":{"FIREBASE_CONFIG":"{\"projectId\":\"solutionsapp-55198\",\"storageBucket\":\"solutionsapp-55198.appspot.com\"}","GCLOUD_PROJECT":"solutionsapp-55198","EVENTARC_CLOUD_EVENT_SOURCE":"projects/solutionsapp-55198/locations/us-central1/functions/sendNotification"},"runtime":"nodejs16","buildId":"c23555f6-855d-437c-9c62-56510c71374d","buildName":"projects/140130769187/locations/us-central1/builds/c23555f6-855d-437c-9c62-56510c71374d","dockerRegistry":"ARTIFACT_REGISTRY"},"versionId":"2","updateTime":"2023-06-02T21:12:34Z"}}
[debug] [2023-06-02T21:12:33.842Z] [update-default-us-central1-sendNotification] Retrying task index 0
[debug] [2023-06-02T21:12:33.843Z] >>> [apiv2][query] GET https://cloudfunctions.googleapis.com/v1/operations/c29sdXRpb25zYXBwLTU1MTk4L3VzLWNlbnRyYWwxL3NlbmROb3RpZmljYXRpb24vMFhDTVlDWE8wcEE [none]
[debug] [2023-06-02T21:12:33.987Z] <<< [apiv2][status] GET https://cloudfunctions.googleapis.com/v1/operations/c29sdXRpb25zYXBwLTU1MTk4L3VzLWNlbnRyYWwxL3NlbmROb3RpZmljYXRpb24vMFhDTVlDWE8wcEE 200
[debug] [2023-06-02T21:12:33.987Z] <<< [apiv2][body] GET https://cloudfunctions.googleapis.com/v1/operations/c29sdXRpb25zYXBwLTU1MTk4L3VzLWNlbnRyYWwxL3NlbmROb3RpZmljYXRpb24vMFhDTVlDWE8wcEE {"name":"operations/c29sdXRpb25zYXBwLTU1MTk4L3VzLWNlbnRyYWwxL3NlbmROb3RpZmljYXRpb24vMFhDTVlDWE8wcEE","metadata":{"@type":"type.googleapis.com/google.cloud.functions.v1.OperationMetadataV1","target":"projects/solutionsapp-55198/locations/us-central1/functions/sendNotification","type":"UPDATE_FUNCTION","request":{"@type":"type.googleapis.com/google.cloud.functions.v1.CloudFunction","name":"projects/solutionsapp-55198/locations/us-central1/functions/sendNotification","eventTrigger":{"eventType":"providers/cloud.firestore/eventTypes/document.create","resource":"projects/solutionsapp-55198/databases/(default)/documents/posts/{postId}","service":"firestore.googleapis.com"},"status":"OFFLINE","entryPoint":"sendNotification","updateTime":"2023-06-02T21:10:00.402Z","versionId":"1","labels":{"deployment-tool":"cli-firebase","firebase-functions-hash":"9a805a0190663fd24ea92652dafd3f614e3ded03"},"sourceUploadUrl":"https://storage.googleapis.com/uploads-314849732836.us-central1.cloudfunctions.appspot.com/a6a65ef3-f4d0-4ed7-93e6-d405c2136af5.zip?GoogleAccessId=service-140130769187@gcf-admin-robot.iam.gserviceaccount.com&Expires=1685742153&Signature=G7Bb9vnjxdX4SOgQuCdtO10X6jE%2BdNeosPADa2d9VT9%2BASG%2FFWoRqmWqne4U%2FqSQlf7BWD%2F3L8hY%2FQiiPu01Fmm6Z5m2RXi7LVqIBnDx2zKnJBvcVxwh81uW2O3e2IzLLtOfGcLmB9Dr%2BMp%2FnQQDSTjB56Oa08EAAmh8wZDBDkUjhCSVKM5z33Uk%2FLr3mmvJLjOqCltcZf%2FMd4S5EpHZBQm94LI8H%2BfBhPYLGRwgjiARvxOXE3QA%2FPK8GpCv6JuYI1Lmu7RR052syfqnK%2Fwg2nM1DYo78MT9niESukZwdzTs8WKEjqo%2BvHpiPblOy8boRp77XpZw6uHsePlajUdwzQ%3D%3D","environmentVariables":{"FIREBASE_CONFIG":"{\"projectId\":\"solutionsapp-55198\",\"storageBucket\":\"solutionsapp-55198.appspot.com\"}","GCLOUD_PROJECT":"solutionsapp-55198","EVENTARC_CLOUD_EVENT_SOURCE":"projects/solutionsapp-55198/locations/us-central1/functions/sendNotification"},"runtime":"nodejs16","buildId":"c23555f6-855d-437c-9c62-56510c71374d","buildName":"projects/140130769187/locations/us-central1/builds/c23555f6-855d-437c-9c62-56510c71374d","dockerRegistry":"ARTIFACT_REGISTRY"},"versionId":"2","updateTime":"2023-06-02T21:12:34Z","buildId":"76590493-c2a3-4f78-a319-f6581a5f42dc","buildName":"projects/140130769187/locations/us-central1/builds/76590493-c2a3-4f78-a319-f6581a5f42dc"}}
[debug] [2023-06-02T21:12:34.994Z] [update-default-us-central1-sendNotification] Retrying task index 0
[debug] [2023-06-02T21:12:34.995Z] >>> [apiv2][query] GET https://cloudfunctions.googleapis.com/v1/operations/c29sdXRpb25zYXBwLTU1MTk4L3VzLWNlbnRyYWwxL3NlbmROb3RpZmljYXRpb24vMFhDTVlDWE8wcEE [none]
[debug] [2023-06-02T21:12:35.138Z] <<< [apiv2][status] GET https://cloudfunctions.googleapis.com/v1/operations/c29sdXRpb25zYXBwLTU1MTk4L3VzLWNlbnRyYWwxL3NlbmROb3RpZmljYXRpb24vMFhDTVlDWE8wcEE 200
[debug] [2023-06-02T21:12:35.138Z] <<< [apiv2][body] GET https://cloudfunctions.googleapis.com/v1/operations/c29sdXRpb25zYXBwLTU1MTk4L3VzLWNlbnRyYWwxL3NlbmROb3RpZmljYXRpb24vMFhDTVlDWE8wcEE {"name":"operations/c29sdXRpb25zYXBwLTU1MTk4L3VzLWNlbnRyYWwxL3NlbmROb3RpZmljYXRpb24vMFhDTVlDWE8wcEE","metadata":{"@type":"type.googleapis.com/google.cloud.functions.v1.OperationMetadataV1","target":"projects/solutionsapp-55198/locations/us-central1/functions/sendNotification","type":"UPDATE_FUNCTION","request":{"@type":"type.googleapis.com/google.cloud.functions.v1.CloudFunction","name":"projects/solutionsapp-55198/locations/us-central1/functions/sendNotification","eventTrigger":{"eventType":"providers/cloud.firestore/eventTypes/document.create","resource":"projects/solutionsapp-55198/databases/(default)/documents/posts/{postId}","service":"firestore.googleapis.com"},"status":"OFFLINE","entryPoint":"sendNotification","updateTime":"2023-06-02T21:10:00.402Z","versionId":"1","labels":{"deployment-tool":"cli-firebase","firebase-functions-hash":"9a805a0190663fd24ea92652dafd3f614e3ded03"},"sourceUploadUrl":"https://storage.googleapis.com/uploads-314849732836.us-central1.cloudfunctions.appspot.com/a6a65ef3-f4d0-4ed7-93e6-d405c2136af5.zip?GoogleAccessId=service-140130769187@gcf-admin-robot.iam.gserviceaccount.com&Expires=1685742153&Signature=G7Bb9vnjxdX4SOgQuCdtO10X6jE%2BdNeosPADa2d9VT9%2BASG%2FFWoRqmWqne4U%2FqSQlf7BWD%2F3L8hY%2FQiiPu01Fmm6Z5m2RXi7LVqIBnDx2zKnJBvcVxwh81uW2O3e2IzLLtOfGcLmB9Dr%2BMp%2FnQQDSTjB56Oa08EAAmh8wZDBDkUjhCSVKM5z33Uk%2FLr3mmvJLjOqCltcZf%2FMd4S5EpHZBQm94LI8H%2BfBhPYLGRwgjiARvxOXE3QA%2FPK8GpCv6JuYI1Lmu7RR052syfqnK%2Fwg2nM1DYo78MT9niESukZwdzTs8WKEjqo%2BvHpiPblOy8boRp77XpZw6uHsePlajUdwzQ%3D%3D","environmentVariables":{"FIREBASE_CONFIG":"{\"projectId\":\"solutionsapp-55198\",\"storageBucket\":\"solutionsapp-55198.appspot.com\"}","GCLOUD_PROJECT":"solutionsapp-55198","EVENTARC_CLOUD_EVENT_SOURCE":"projects/solutionsapp-55198/locations/us-central1/functions/sendNotification"},"runtime":"nodejs16","buildId":"c23555f6-855d-437c-9c62-56510c71374d","buildName":"projects/140130769187/locations/us-central1/builds/c23555f6-855d-437c-9c62-56510c71374d","dockerRegistry":"ARTIFACT_REGISTRY"},"versionId":"2","updateTime":"2023-06-02T21:12:34Z","buildId":"76590493-c2a3-4f78-a319-f6581a5f42dc","buildName":"projects/140130769187/locations/us-central1/builds/76590493-c2a3-4f78-a319-f6581a5f42dc"}}
[debug] [2023-06-02T21:12:37.145Z] [update-default-us-central1-sendNotification] Retrying task index 0
[debug] [2023-06-02T21:12:37.145Z] >>> [apiv2][query] GET https://cloudfunctions.googleapis.com/v1/operations/c29sdXRpb25zYXBwLTU1MTk4L3VzLWNlbnRyYWwxL3NlbmROb3RpZmljYXRpb24vMFhDTVlDWE8wcEE [none]
[debug] [2023-06-02T21:12:37.332Z] <<< [apiv2][status] GET https://cloudfunctions.googleapis.com/v1/operations/c29sdXRpb25zYXBwLTU1MTk4L3VzLWNlbnRyYWwxL3NlbmROb3RpZmljYXRpb24vMFhDTVlDWE8wcEE 200
[debug] [2023-06-02T21:12:37.332Z] <<< [apiv2][body] GET https://cloudfunctions.googleapis.com/v1/operations/c29sdXRpb25zYXBwLTU1MTk4L3VzLWNlbnRyYWwxL3NlbmROb3RpZmljYXRpb24vMFhDTVlDWE8wcEE {"name":"operations/c29sdXRpb25zYXBwLTU1MTk4L3VzLWNlbnRyYWwxL3NlbmROb3RpZmljYXRpb24vMFhDTVlDWE8wcEE","metadata":{"@type":"type.googleapis.com/google.cloud.functions.v1.OperationMetadataV1","target":"projects/solutionsapp-55198/locations/us-central1/functions/sendNotification","type":"UPDATE_FUNCTION","request":{"@type":"type.googleapis.com/google.cloud.functions.v1.CloudFunction","name":"projects/solutionsapp-55198/locations/us-central1/functions/sendNotification","eventTrigger":{"eventType":"providers/cloud.firestore/eventTypes/document.create","resource":"projects/solutionsapp-55198/databases/(default)/documents/posts/{postId}","service":"firestore.googleapis.com"},"status":"OFFLINE","entryPoint":"sendNotification","updateTime":"2023-06-02T21:10:00.402Z","versionId":"1","labels":{"deployment-tool":"cli-firebase","firebase-functions-hash":"9a805a0190663fd24ea92652dafd3f614e3ded03"},"sourceUploadUrl":"https://storage.googleapis.com/uploads-314849732836.us-central1.cloudfunctions.appspot.com/a6a65ef3-f4d0-4ed7-93e6-d405c2136af5.zip?GoogleAccessId=service-140130769187@gcf-admin-robot.iam.gserviceaccount.com&Expires=1685742153&Signature=G7Bb9vnjxdX4SOgQuCdtO10X6jE%2BdNeosPADa2d9VT9%2BASG%2FFWoRqmWqne4U%2FqSQlf7BWD%2F3L8hY%2FQiiPu01Fmm6Z5m2RXi7LVqIBnDx2zKnJBvcVxwh81uW2O3e2IzLLtOfGcLmB9Dr%2BMp%2FnQQDSTjB56Oa08EAAmh8wZDBDkUjhCSVKM5z33Uk%2FLr3mmvJLjOqCltcZf%2FMd4S5EpHZBQm94LI8H%2BfBhPYLGRwgjiARvxOXE3QA%2FPK8GpCv6JuYI1Lmu7RR052syfqnK%2Fwg2nM1DYo78MT9niESukZwdzTs8WKEjqo%2BvHpiPblOy8boRp77XpZw6uHsePlajUdwzQ%3D%3D","environmentVariables":{"FIREBASE_CONFIG":"{\"projectId\":\"solutionsapp-55198\",\"storageBucket\":\"solutionsapp-55198.appspot.com\"}","GCLOUD_PROJECT":"solutionsapp-55198","EVENTARC_CLOUD_EVENT_SOURCE":"projects/solutionsapp-55198/locations/us-central1/functions/sendNotification"},"runtime":"nodejs16","buildId":"c23555f6-855d-437c-9c62-56510c71374d","buildName":"projects/140130769187/locations/us-central1/builds/c23555f6-855d-437c-9c62-56510c71374d","dockerRegistry":"ARTIFACT_REGISTRY"},"versionId":"2","updateTime":"2023-06-02T21:12:34Z","buildId":"76590493-c2a3-4f78-a319-f6581a5f42dc","buildName":"projects/140130769187/locations/us-central1/builds/76590493-c2a3-4f78-a319-f6581a5f42dc"}}
[debug] [2023-06-02T21:12:41.343Z] [update-default-us-central1-sendNotification] Retrying task index 0
[debug] [2023-06-02T21:12:41.344Z] >>> [apiv2][query] GET https://cloudfunctions.googleapis.com/v1/operations/c29sdXRpb25zYXBwLTU1MTk4L3VzLWNlbnRyYWwxL3NlbmROb3RpZmljYXRpb24vMFhDTVlDWE8wcEE [none]
[debug] [2023-06-02T21:12:41.542Z] <<< [apiv2][status] GET https://cloudfunctions.googleapis.com/v1/operations/c29sdXRpb25zYXBwLTU1MTk4L3VzLWNlbnRyYWwxL3NlbmROb3RpZmljYXRpb24vMFhDTVlDWE8wcEE 200
[debug] [2023-06-02T21:12:41.543Z] <<< [apiv2][body] GET https://cloudfunctions.googleapis.com/v1/operations/c29sdXRpb25zYXBwLTU1MTk4L3VzLWNlbnRyYWwxL3NlbmROb3RpZmljYXRpb24vMFhDTVlDWE8wcEE {"name":"operations/c29sdXRpb25zYXBwLTU1MTk4L3VzLWNlbnRyYWwxL3NlbmROb3RpZmljYXRpb24vMFhDTVlDWE8wcEE","metadata":{"@type":"type.googleapis.com/google.cloud.functions.v1.OperationMetadataV1","target":"projects/solutionsapp-55198/locations/us-central1/functions/sendNotification","type":"UPDATE_FUNCTION","request":{"@type":"type.googleapis.com/google.cloud.functions.v1.CloudFunction","name":"projects/solutionsapp-55198/locations/us-central1/functions/sendNotification","eventTrigger":{"eventType":"providers/cloud.firestore/eventTypes/document.create","resource":"projects/solutionsapp-55198/databases/(default)/documents/posts/{postId}","service":"firestore.googleapis.com"},"status":"OFFLINE","entryPoint":"sendNotification","updateTime":"2023-06-02T21:10:00.402Z","versionId":"1","labels":{"deployment-tool":"cli-firebase","firebase-functions-hash":"9a805a0190663fd24ea92652dafd3f614e3ded03"},"sourceUploadUrl":"https://storage.googleapis.com/uploads-314849732836.us-central1.cloudfunctions.appspot.com/a6a65ef3-f4d0-4ed7-93e6-d405c2136af5.zip?GoogleAccessId=service-140130769187@gcf-admin-robot.iam.gserviceaccount.com&Expires=1685742153&Signature=G7Bb9vnjxdX4SOgQuCdtO10X6jE%2BdNeosPADa2d9VT9%2BASG%2FFWoRqmWqne4U%2FqSQlf7BWD%2F3L8hY%2FQiiPu01Fmm6Z5m2RXi7LVqIBnDx2zKnJBvcVxwh81uW2O3e2IzLLtOfGcLmB9Dr%2BMp%2FnQQDSTjB56Oa08EAAmh8wZDBDkUjhCSVKM5z33Uk%2FLr3mmvJLjOqCltcZf%2FMd4S5EpHZBQm94LI8H%2BfBhPYLGRwgjiARvxOXE3QA%2FPK8GpCv6JuYI1Lmu7RR052syfqnK%2Fwg2nM1DYo78MT9niESukZwdzTs8WKEjqo%2BvHpiPblOy8boRp77XpZw6uHsePlajUdwzQ%3D%3D","environmentVariables":{"FIREBASE_CONFIG":"{\"projectId\":\"solutionsapp-55198\",\"storageBucket\":\"solutionsapp-55198.appspot.com\"}","GCLOUD_PROJECT":"solutionsapp-55198","EVENTARC_CLOUD_EVENT_SOURCE":"projects/solutionsapp-55198/locations/us-central1/functions/sendNotification"},"runtime":"nodejs16","buildId":"c23555f6-855d-437c-9c62-56510c71374d","buildName":"projects/140130769187/locations/us-central1/builds/c23555f6-855d-437c-9c62-56510c71374d","dockerRegistry":"ARTIFACT_REGISTRY"},"versionId":"2","updateTime":"2023-06-02T21:12:34Z","buildId":"76590493-c2a3-4f78-a319-f6581a5f42dc","buildName":"projects/140130769187/locations/us-central1/builds/76590493-c2a3-4f78-a319-f6581a5f42dc"}}
[debug] [2023-06-02T21:12:49.550Z] [update-default-us-central1-sendNotification] Retrying task index 0
[debug] [2023-06-02T21:12:49.550Z] >>> [apiv2][query] GET https://cloudfunctions.googleapis.com/v1/operations/c29sdXRpb25zYXBwLTU1MTk4L3VzLWNlbnRyYWwxL3NlbmROb3RpZmljYXRpb24vMFhDTVlDWE8wcEE [none]
[debug] [2023-06-02T21:12:49.931Z] <<< [apiv2][status] GET https://cloudfunctions.googleapis.com/v1/operations/c29sdXRpb25zYXBwLTU1MTk4L3VzLWNlbnRyYWwxL3NlbmROb3RpZmljYXRpb24vMFhDTVlDWE8wcEE 200
[debug] [2023-06-02T21:12:49.931Z] <<< [apiv2][body] GET https://cloudfunctions.googleapis.com/v1/operations/c29sdXRpb25zYXBwLTU1MTk4L3VzLWNlbnRyYWwxL3NlbmROb3RpZmljYXRpb24vMFhDTVlDWE8wcEE {"name":"operations/c29sdXRpb25zYXBwLTU1MTk4L3VzLWNlbnRyYWwxL3NlbmROb3RpZmljYXRpb24vMFhDTVlDWE8wcEE","metadata":{"@type":"type.googleapis.com/google.cloud.functions.v1.OperationMetadataV1","target":"projects/solutionsapp-55198/locations/us-central1/functions/sendNotification","type":"UPDATE_FUNCTION","request":{"@type":"type.googleapis.com/google.cloud.functions.v1.CloudFunction","name":"projects/solutionsapp-55198/locations/us-central1/functions/sendNotification","eventTrigger":{"eventType":"providers/cloud.firestore/eventTypes/document.create","resource":"projects/solutionsapp-55198/databases/(default)/documents/posts/{postId}","service":"firestore.googleapis.com"},"status":"OFFLINE","entryPoint":"sendNotification","updateTime":"2023-06-02T21:10:00.402Z","versionId":"1","labels":{"deployment-tool":"cli-firebase","firebase-functions-hash":"9a805a0190663fd24ea92652dafd3f614e3ded03"},"sourceUploadUrl":"https://storage.googleapis.com/uploads-314849732836.us-central1.cloudfunctions.appspot.com/a6a65ef3-f4d0-4ed7-93e6-d405c2136af5.zip?GoogleAccessId=service-140130769187@gcf-admin-robot.iam.gserviceaccount.com&Expires=1685742153&Signature=G7Bb9vnjxdX4SOgQuCdtO10X6jE%2BdNeosPADa2d9VT9%2BASG%2FFWoRqmWqne4U%2FqSQlf7BWD%2F3L8hY%2FQiiPu01Fmm6Z5m2RXi7LVqIBnDx2zKnJBvcVxwh81uW2O3e2IzLLtOfGcLmB9Dr%2BMp%2FnQQDSTjB56Oa08EAAmh8wZDBDkUjhCSVKM5z33Uk%2FLr3mmvJLjOqCltcZf%2FMd4S5EpHZBQm94LI8H%2BfBhPYLGRwgjiARvxOXE3QA%2FPK8GpCv6JuYI1Lmu7RR052syfqnK%2Fwg2nM1DYo78MT9niESukZwdzTs8WKEjqo%2BvHpiPblOy8boRp77XpZw6uHsePlajUdwzQ%3D%3D","environmentVariables":{"FIREBASE_CONFIG":"{\"projectId\":\"solutionsapp-55198\",\"storageBucket\":\"solutionsapp-55198.appspot.com\"}","GCLOUD_PROJECT":"solutionsapp-55198","EVENTARC_CLOUD_EVENT_SOURCE":"projects/solutionsapp-55198/locations/us-central1/functions/sendNotification"},"runtime":"nodejs16","buildId":"c23555f6-855d-437c-9c62-56510c71374d","buildName":"projects/140130769187/locations/us-central1/builds/c23555f6-855d-437c-9c62-56510c71374d","dockerRegistry":"ARTIFACT_REGISTRY"},"versionId":"2","updateTime":"2023-06-02T21:12:34Z","buildId":"76590493-c2a3-4f78-a319-f6581a5f42dc","buildName":"projects/140130769187/locations/us-central1/builds/76590493-c2a3-4f78-a319-f6581a5f42dc"}}
[debug] [2023-06-02T21:12:59.940Z] [update-default-us-central1-sendNotification] Retrying task index 0
[debug] [2023-06-02T21:12:59.940Z] >>> [apiv2][query] GET https://cloudfunctions.googleapis.com/v1/operations/c29sdXRpb25zYXBwLTU1MTk4L3VzLWNlbnRyYWwxL3NlbmROb3RpZmljYXRpb24vMFhDTVlDWE8wcEE [none]
[debug] [2023-06-02T21:13:00.147Z] <<< [apiv2][status] GET https://cloudfunctions.googleapis.com/v1/operations/c29sdXRpb25zYXBwLTU1MTk4L3VzLWNlbnRyYWwxL3NlbmROb3RpZmljYXRpb24vMFhDTVlDWE8wcEE 200
[debug] [2023-06-02T21:13:00.147Z] <<< [apiv2][body] GET https://cloudfunctions.googleapis.com/v1/operations/c29sdXRpb25zYXBwLTU1MTk4L3VzLWNlbnRyYWwxL3NlbmROb3RpZmljYXRpb24vMFhDTVlDWE8wcEE {"name":"operations/c29sdXRpb25zYXBwLTU1MTk4L3VzLWNlbnRyYWwxL3NlbmROb3RpZmljYXRpb24vMFhDTVlDWE8wcEE","metadata":{"@type":"type.googleapis.com/google.cloud.functions.v1.OperationMetadataV1","target":"projects/solutionsapp-55198/locations/us-central1/functions/sendNotification","type":"UPDATE_FUNCTION","request":{"@type":"type.googleapis.com/google.cloud.functions.v1.CloudFunction","name":"projects/solutionsapp-55198/locations/us-central1/functions/sendNotification","eventTrigger":{"eventType":"providers/cloud.firestore/eventTypes/document.create","resource":"projects/solutionsapp-55198/databases/(default)/documents/posts/{postId}","service":"firestore.googleapis.com"},"status":"OFFLINE","entryPoint":"sendNotification","updateTime":"2023-06-02T21:10:00.402Z","versionId":"1","labels":{"deployment-tool":"cli-firebase","firebase-functions-hash":"9a805a0190663fd24ea92652dafd3f614e3ded03"},"sourceUploadUrl":"https://storage.googleapis.com/uploads-314849732836.us-central1.cloudfunctions.appspot.com/a6a65ef3-f4d0-4ed7-93e6-d405c2136af5.zip?GoogleAccessId=service-140130769187@gcf-admin-robot.iam.gserviceaccount.com&Expires=1685742153&Signature=G7Bb9vnjxdX4SOgQuCdtO10X6jE%2BdNeosPADa2d9VT9%2BASG%2FFWoRqmWqne4U%2FqSQlf7BWD%2F3L8hY%2FQiiPu01Fmm6Z5m2RXi7LVqIBnDx2zKnJBvcVxwh81uW2O3e2IzLLtOfGcLmB9Dr%2BMp%2FnQQDSTjB56Oa08EAAmh8wZDBDkUjhCSVKM5z33Uk%2FLr3mmvJLjOqCltcZf%2FMd4S5EpHZBQm94LI8H%2BfBhPYLGRwgjiARvxOXE3QA%2FPK8GpCv6JuYI1Lmu7RR052syfqnK%2Fwg2nM1DYo78MT9niESukZwdzTs8WKEjqo%2BvHpiPblOy8boRp77XpZw6uHsePlajUdwzQ%3D%3D","environmentVariables":{"FIREBASE_CONFIG":"{\"projectId\":\"solutionsapp-55198\",\"storageBucket\":\"solutionsapp-55198.appspot.com\"}","GCLOUD_PROJECT":"solutionsapp-55198","EVENTARC_CLOUD_EVENT_SOURCE":"projects/solutionsapp-55198/locations/us-central1/functions/sendNotification"},"runtime":"nodejs16","buildId":"c23555f6-855d-437c-9c62-56510c71374d","buildName":"projects/140130769187/locations/us-central1/builds/c23555f6-855d-437c-9c62-56510c71374d","dockerRegistry":"ARTIFACT_REGISTRY"},"versionId":"2","updateTime":"2023-06-02T21:12:34Z","buildId":"76590493-c2a3-4f78-a319-f6581a5f42dc","buildName":"projects/140130769187/locations/us-central1/builds/76590493-c2a3-4f78-a319-f6581a5f42dc"}}
[debug] [2023-06-02T21:13:10.161Z] [update-default-us-central1-sendNotification] Retrying task index 0
[debug] [2023-06-02T21:13:10.162Z] >>> [apiv2][query] GET https://cloudfunctions.googleapis.com/v1/operations/c29sdXRpb25zYXBwLTU1MTk4L3VzLWNlbnRyYWwxL3NlbmROb3RpZmljYXRpb24vMFhDTVlDWE8wcEE [none]
[debug] [2023-06-02T21:13:10.344Z] <<< [apiv2][status] GET https://cloudfunctions.googleapis.com/v1/operations/c29sdXRpb25zYXBwLTU1MTk4L3VzLWNlbnRyYWwxL3NlbmROb3RpZmljYXRpb24vMFhDTVlDWE8wcEE 200
[debug] [2023-06-02T21:13:10.345Z] <<< [apiv2][body] GET https://cloudfunctions.googleapis.com/v1/operations/c29sdXRpb25zYXBwLTU1MTk4L3VzLWNlbnRyYWwxL3NlbmROb3RpZmljYXRpb24vMFhDTVlDWE8wcEE {"name":"operations/c29sdXRpb25zYXBwLTU1MTk4L3VzLWNlbnRyYWwxL3NlbmROb3RpZmljYXRpb24vMFhDTVlDWE8wcEE","metadata":{"@type":"type.googleapis.com/google.cloud.functions.v1.OperationMetadataV1","target":"projects/solutionsapp-55198/locations/us-central1/functions/sendNotification","type":"UPDATE_FUNCTION","request":{"@type":"type.googleapis.com/google.cloud.functions.v1.CloudFunction","name":"projects/solutionsapp-55198/locations/us-central1/functions/sendNotification","eventTrigger":{"eventType":"providers/cloud.firestore/eventTypes/document.create","resource":"projects/solutionsapp-55198/databases/(default)/documents/posts/{postId}","service":"firestore.googleapis.com"},"status":"OFFLINE","entryPoint":"sendNotification","updateTime":"2023-06-02T21:10:00.402Z","versionId":"1","labels":{"deployment-tool":"cli-firebase","firebase-functions-hash":"9a805a0190663fd24ea92652dafd3f614e3ded03"},"sourceUploadUrl":"https://storage.googleapis.com/uploads-314849732836.us-central1.cloudfunctions.appspot.com/a6a65ef3-f4d0-4ed7-93e6-d405c2136af5.zip?GoogleAccessId=service-140130769187@gcf-admin-robot.iam.gserviceaccount.com&Expires=1685742153&Signature=G7Bb9vnjxdX4SOgQuCdtO10X6jE%2BdNeosPADa2d9VT9%2BASG%2FFWoRqmWqne4U%2FqSQlf7BWD%2F3L8hY%2FQiiPu01Fmm6Z5m2RXi7LVqIBnDx2zKnJBvcVxwh81uW2O3e2IzLLtOfGcLmB9Dr%2BMp%2FnQQDSTjB56Oa08EAAmh8wZDBDkUjhCSVKM5z33Uk%2FLr3mmvJLjOqCltcZf%2FMd4S5EpHZBQm94LI8H%2BfBhPYLGRwgjiARvxOXE3QA%2FPK8GpCv6JuYI1Lmu7RR052syfqnK%2Fwg2nM1DYo78MT9niESukZwdzTs8WKEjqo%2BvHpiPblOy8boRp77XpZw6uHsePlajUdwzQ%3D%3D","environmentVariables":{"FIREBASE_CONFIG":"{\"projectId\":\"solutionsapp-55198\",\"storageBucket\":\"solutionsapp-55198.appspot.com\"}","GCLOUD_PROJECT":"solutionsapp-55198","EVENTARC_CLOUD_EVENT_SOURCE":"projects/solutionsapp-55198/locations/us-central1/functions/sendNotification"},"runtime":"nodejs16","buildId":"c23555f6-855d-437c-9c62-56510c71374d","buildName":"projects/140130769187/locations/us-central1/builds/c23555f6-855d-437c-9c62-56510c71374d","dockerRegistry":"ARTIFACT_REGISTRY"},"versionId":"2","updateTime":"2023-06-02T21:13:09Z","buildId":"76590493-c2a3-4f78-a319-f6581a5f42dc","buildName":"projects/140130769187/locations/us-central1/builds/76590493-c2a3-4f78-a319-f6581a5f42dc"},"done":true,"error":{"code":3,"message":"Build failed: ...ul-fs@4.1.6 from lock file\nnpm ERR! Missing: anymatch@3.1.3 from lock file\nnpm ERR! Missing: fb-watchman@2.0.2 from lock file\nnpm ERR! Missing: fsevents@2.3.2 from lock file\nnpm ERR! Missing: walker@1.0.8 from lock file\nnpm ERR! Missing: normalize-path@3.0.0 from lock file\nnpm ERR! Missing: picomatch@2.3.1 from lock file\nnpm ERR! Missing: bser@2.1.1 from lock file\nnpm ERR! Missing: node-int64@0.4.0 from lock file\nnpm ERR! Missing: jest-diff@29.5.0 from lock file\nnpm ERR! Missing: diff-sequences@29.4.3 from lock file\nnpm ERR! Missing: @types/stack-utils@2.0.1 from lock file\nnpm ERR! Missing: jest-pnp-resolver@1.2.3 from lock file\nnpm ERR! Missing: resolve@1.22.2 from lock file\nnpm ERR! Missing: resolve.exports@2.0.2 from lock file\nnpm ERR! Missing: emittery@0.13.1 from lock file\nnpm ERR! Missing: jest-docblock@29.4.3 from lock file\nnpm ERR! Missing: jest-leak-detector@29.5.0 from lock file\nnpm ERR! Missing: p-limit@3.1.0 from lock file\nnpm ERR! Missing: source-map-support@0.5.13 from lock file\nnpm ERR! Missing: detect-newline@3.1.0 from lock file\nnpm ERR! Missing: @jest/globals@29.5.0 from lock file\nnpm ERR! Missing: @jest/source-map@29.4.3 from lock file\nnpm ERR! Missing: cjs-module-lexer@1.2.2 from lock file\nnpm ERR! Missing: strip-bom@4.0.0 from lock file\nnpm ERR! Missing: callsites@3.1.0 from lock file\nnpm ERR! Missing: @babel/plugin-syntax-jsx@7.21.4 from lock file\nnpm ERR! Missing: @babel/plugin-syntax-typescript@7.21.4 from lock file\nnpm ERR! Missing: @types/prettier@2.7.3 from lock file\nnpm ERR! Missing: natural-compare@1.4.0 from lock file\nnpm ERR! Missing: semver@7.5.1 from lock file\nnpm ERR! Missing: camelcase@6.3.0 from lock file\nnpm ERR! Missing: leven@3.1.0 from lock file\nnpm ERR! Missing: supports-color@8.1.1 from lock file\nnpm ERR! Missing: argparse@1.0.10 from lock file\nnpm ERR! Missing: ansi-styles@3.2.1 from lock file\nnpm ERR! Missing: escape-string-regexp@1.0.5 from lock file\nnpm ERR! Missing: has-flag@4.0.0 from lock file\nnpm ERR! Missing: has-flag@4.0.0 from lock file\nnpm ERR! Missing: sprintf-js@1.0.3 from lock file\nnpm ERR! \nnpm ERR! Clean install a project\nnpm ERR! \nnpm ERR! Usage:\nnpm ERR! npm ci\nnpm ERR! \nnpm ERR! Options:\nnpm ERR! [-S|--save|--no-save|--save-prod|--save-dev|--save-optional|--save-peer|--save-bundle]\nnpm ERR! [-E|--save-exact] [-g|--global] [--global-style] [--legacy-bundling]\nnpm ERR! [--omit <dev|optional|peer> [--omit <dev|optional|peer> ...]]\nnpm ERR! [--strict-peer-deps] [--no-package-lock] [--foreground-scripts]\nnpm ERR! [--ignore-scripts] [--no-audit] [--no-bin-links] [--no-fund] [--dry-run]\nnpm ERR! [-w|--workspace <workspace-name> [-w|--workspace <workspace-name> ...]]\nnpm ERR! [-ws|--workspaces] [--include-workspace-root] [--install-links]\nnpm ERR! \nnpm ERR! aliases: clean-install, ic, install-clean, isntall-clean\nnpm ERR! \nnpm ERR! Run \"npm help ci\" for more info\n\nnpm ERR! A complete log of this run can be found in:\nnpm ERR!     /www-data-home/.npm/_logs/2023-06-02T21_12_58_177Z-debug-0.log; Error ID: beaf8772"}}
[debug] [2023-06-02T21:13:10.345Z] Got source token undefined for region us-central1
[error] Build failed: ...ul-fs@4.1.6 from lock file
npm ERR! Missing: anymatch@3.1.3 from lock file
npm ERR! Missing: fb-watchman@2.0.2 from lock file
npm ERR! Missing: fsevents@2.3.2 from lock file
npm ERR! Missing: walker@1.0.8 from lock file
npm ERR! Missing: normalize-path@3.0.0 from lock file
npm ERR! Missing: picomatch@2.3.1 from lock file
npm ERR! Missing: bser@2.1.1 from lock file
npm ERR! Missing: node-int64@0.4.0 from lock file
npm ERR! Missing: jest-diff@29.5.0 from lock file
npm ERR! Missing: diff-sequences@29.4.3 from lock file
npm ERR! Missing: @types/stack-utils@2.0.1 from lock file
npm ERR! Missing: jest-pnp-resolver@1.2.3 from lock file
npm ERR! Missing: resolve@1.22.2 from lock file
npm ERR! Missing: resolve.exports@2.0.2 from lock file
npm ERR! Missing: emittery@0.13.1 from lock file
npm ERR! Missing: jest-docblock@29.4.3 from lock file
npm ERR! Missing: jest-leak-detector@29.5.0 from lock file
npm ERR! Missing: p-limit@3.1.0 from lock file
npm ERR! Missing: source-map-support@0.5.13 from lock file
npm ERR! Missing: detect-newline@3.1.0 from lock file
npm ERR! Missing: @jest/globals@29.5.0 from lock file
npm ERR! Missing: @jest/source-map@29.4.3 from lock file
npm ERR! Missing: cjs-module-lexer@1.2.2 from lock file
npm ERR! Missing: strip-bom@4.0.0 from lock file
npm ERR! Missing: callsites@3.1.0 from lock file
npm ERR! Missing: @babel/plugin-syntax-jsx@7.21.4 from lock file
npm ERR! Missing: @babel/plugin-syntax-typescript@7.21.4 from lock file
npm ERR! Missing: @types/prettier@2.7.3 from lock file
npm ERR! Missing: natural-compare@1.4.0 from lock file
npm ERR! Missing: semver@7.5.1 from lock file
npm ERR! Missing: camelcase@6.3.0 from lock file
npm ERR! Missing: leven@3.1.0 from lock file
npm ERR! Missing: supports-color@8.1.1 from lock file
npm ERR! Missing: argparse@1.0.10 from lock file
npm ERR! Missing: ansi-styles@3.2.1 from lock file
npm ERR! Missing: escape-string-regexp@1.0.5 from lock file
npm ERR! Missing: has-flag@4.0.0 from lock file
npm ERR! Missing: has-flag@4.0.0 from lock file
npm ERR! Missing: sprintf-js@1.0.3 from lock file
npm ERR! 
npm ERR! Clean install a project
npm ERR! 
npm ERR! Usage:
npm ERR! npm ci
npm ERR! 
npm ERR! Options:
npm ERR! [-S|--save|--no-save|--save-prod|--save-dev|--save-optional|--save-peer|--save-bundle]
npm ERR! [-E|--save-exact] [-g|--global] [--global-style] [--legacy-bundling]
npm ERR! [--omit <dev|optional|peer> [--omit <dev|optional|peer> ...]]
npm ERR! [--strict-peer-deps] [--no-package-lock] [--foreground-scripts]
npm ERR! [--ignore-scripts] [--no-audit] [--no-bin-links] [--no-fund] [--dry-run]
npm ERR! [-w|--workspace <workspace-name> [-w|--workspace <workspace-name> ...]]
npm ERR! [-ws|--workspaces] [--include-workspace-root] [--install-links]
npm ERR! 
npm ERR! aliases: clean-install, ic, install-clean, isntall-clean
npm ERR! 
npm ERR! Run "npm help ci" for more info

npm ERR! A complete log of this run can be found in:
npm ERR!     /www-data-home/.npm/_logs/2023-06-02T21_12_58_177Z-debug-0.log; Error ID: beaf8772
[debug] [2023-06-02T21:13:10.371Z] Total Function Deployment time: 37587
[debug] [2023-06-02T21:13:10.371Z] 1 Functions Deployed
[debug] [2023-06-02T21:13:10.372Z] 1 Functions Errored
[debug] [2023-06-02T21:13:10.372Z] 0 Function Deployments Aborted
[debug] [2023-06-02T21:13:10.373Z] Average Function Deployment time: 37585
[info] 
[info] Functions deploy had errors with the following functions:
	sendNotification(us-central1)
[info] i  functions: cleaning up build files... 
[debug] [2023-06-02T21:13:10.431Z] >>> [apiv2][query] DELETE https://artifactregistry.googleapis.com/v1beta2/projects/solutionsapp-55198/locations/us-central1/repositories/gcf-artifacts/packages/send_notification [none]
[debug] [2023-06-02T21:13:10.432Z] >>> [apiv2][query] GET https://us.gcr.io/v2/solutionsapp-55198/gcf/us-central1/tags/list [none]
[debug] [2023-06-02T21:13:10.668Z] <<< [apiv2][status] GET https://us.gcr.io/v2/solutionsapp-55198/gcf/us-central1/tags/list 200
[debug] [2023-06-02T21:13:10.668Z] <<< [apiv2][body] GET https://us.gcr.io/v2/solutionsapp-55198/gcf/us-central1/tags/list {"child":[],"manifest":{},"name":"solutionsapp-55198/gcf/us-central1","tags":[]}
[debug] [2023-06-02T21:13:10.669Z] Could not find image for function projects/solutionsapp-55198/locations/us-central1/functions/sendNotification
[debug] [2023-06-02T21:13:10.754Z] <<< [apiv2][status] DELETE https://artifactregistry.googleapis.com/v1beta2/projects/solutionsapp-55198/locations/us-central1/repositories/gcf-artifacts/packages/send_notification 404
[debug] [2023-06-02T21:13:10.754Z] <<< [apiv2][body] DELETE https://artifactregistry.googleapis.com/v1beta2/projects/solutionsapp-55198/locations/us-central1/repositories/gcf-artifacts/packages/send_notification {"error":{"code":404,"message":"Package \"projects/solutionsapp-55198/locations/us-central1/repositories/gcf-artifacts/packages/send_notification\" was not found.","status":"NOT_FOUND"}}
[debug] [2023-06-02T21:13:10.755Z] Functions deploy failed.
[debug] [2023-06-02T21:13:10.755Z] {
  "endpoint": {
    "id": "sendNotification",
    "project": "solutionsapp-55198",
    "region": "us-central1",
    "entryPoint": "sendNotification",
    "platform": "gcfv1",
    "runtime": "nodejs16",
    "eventTrigger": {
      "eventType": "providers/cloud.firestore/eventTypes/document.create",
      "retry": false,
      "eventFilters": {
        "resource": "projects/solutionsapp-55198/databases/(default)/documents/posts/{postId}"
      }
    },
    "labels": {
      "deployment-tool": "cli-firebase"
    },
    "serviceAccount": null,
    "ingressSettings": null,
    "availableMemoryMb": null,
    "timeoutSeconds": null,
    "maxInstances": null,
    "minInstances": null,
    "vpc": null,
    "environmentVariables": {
      "FIREBASE_CONFIG": "{\"projectId\":\"solutionsapp-55198\",\"storageBucket\":\"solutionsapp-55198.appspot.com\"}",
      "GCLOUD_PROJECT": "solutionsapp-55198",
      "EVENTARC_CLOUD_EVENT_SOURCE": "projects/solutionsapp-55198/locations/us-central1/functions/sendNotification"
    },
    "codebase": "default",
    "securityLevel": "SECURE_ALWAYS",
    "targetedByOnly": false,
    "hash": "9a805a0190663fd24ea92652dafd3f614e3ded03"
  },
  "op": "update",
  "original": {
    "name": "FirebaseError",
    "children": [],
    "exit": 1,
    "message": "Build failed: ...ul-fs@4.1.6 from lock file\nnpm ERR! Missing: anymatch@3.1.3 from lock file\nnpm ERR! Missing: fb-watchman@2.0.2 from lock file\nnpm ERR! Missing: fsevents@2.3.2 from lock file\nnpm ERR! Missing: walker@1.0.8 from lock file\nnpm ERR! Missing: normalize-path@3.0.0 from lock file\nnpm ERR! Missing: picomatch@2.3.1 from lock file\nnpm ERR! Missing: bser@2.1.1 from lock file\nnpm ERR! Missing: node-int64@0.4.0 from lock file\nnpm ERR! Missing: jest-diff@29.5.0 from lock file\nnpm ERR! Missing: diff-sequences@29.4.3 from lock file\nnpm ERR! Missing: @types/stack-utils@2.0.1 from lock file\nnpm ERR! Missing: jest-pnp-resolver@1.2.3 from lock file\nnpm ERR! Missing: resolve@1.22.2 from lock file\nnpm ERR! Missing: resolve.exports@2.0.2 from lock file\nnpm ERR! Missing: emittery@0.13.1 from lock file\nnpm ERR! Missing: jest-docblock@29.4.3 from lock file\nnpm ERR! Missing: jest-leak-detector@29.5.0 from lock file\nnpm ERR! Missing: p-limit@3.1.0 from lock file\nnpm ERR! Missing: source-map-support@0.5.13 from lock file\nnpm ERR! Missing: detect-newline@3.1.0 from lock file\nnpm ERR! Missing: @jest/globals@29.5.0 from lock file\nnpm ERR! Missing: @jest/source-map@29.4.3 from lock file\nnpm ERR! Missing: cjs-module-lexer@1.2.2 from lock file\nnpm ERR! Missing: strip-bom@4.0.0 from lock file\nnpm ERR! Missing: callsites@3.1.0 from lock file\nnpm ERR! Missing: @babel/plugin-syntax-jsx@7.21.4 from lock file\nnpm ERR! Missing: @babel/plugin-syntax-typescript@7.21.4 from lock file\nnpm ERR! Missing: @types/prettier@2.7.3 from lock file\nnpm ERR! Missing: natural-compare@1.4.0 from lock file\nnpm ERR! Missing: semver@7.5.1 from lock file\nnpm ERR! Missing: camelcase@6.3.0 from lock file\nnpm ERR! Missing: leven@3.1.0 from lock file\nnpm ERR! Missing: supports-color@8.1.1 from lock file\nnpm ERR! Missing: argparse@1.0.10 from lock file\nnpm ERR! Missing: ansi-styles@3.2.1 from lock file\nnpm ERR! Missing: escape-string-regexp@1.0.5 from lock file\nnpm ERR! Missing: has-flag@4.0.0 from lock file\nnpm ERR! Missing: has-flag@4.0.0 from lock file\nnpm ERR! Missing: sprintf-js@1.0.3 from lock file\nnpm ERR! \nnpm ERR! Clean install a project\nnpm ERR! \nnpm ERR! Usage:\nnpm ERR! npm ci\nnpm ERR! \nnpm ERR! Options:\nnpm ERR! [-S|--save|--no-save|--save-prod|--save-dev|--save-optional|--save-peer|--save-bundle]\nnpm ERR! [-E|--save-exact] [-g|--global] [--global-style] [--legacy-bundling]\nnpm ERR! [--omit <dev|optional|peer> [--omit <dev|optional|peer> ...]]\nnpm ERR! [--strict-peer-deps] [--no-package-lock] [--foreground-scripts]\nnpm ERR! [--ignore-scripts] [--no-audit] [--no-bin-links] [--no-fund] [--dry-run]\nnpm ERR! [-w|--workspace <workspace-name> [-w|--workspace <workspace-name> ...]]\nnpm ERR! [-ws|--workspaces] [--include-workspace-root] [--install-links]\nnpm ERR! \nnpm ERR! aliases: clean-install, ic, install-clean, isntall-clean\nnpm ERR! \nnpm ERR! Run \"npm help ci\" for more info\n\nnpm ERR! A complete log of this run can be found in:\nnpm ERR!     /www-data-home/.npm/_logs/2023-06-02T21_12_58_177Z-debug-0.log; Error ID: beaf8772",
    "status": 3
  }
}
[debug] [2023-06-02T21:13:10.805Z] Error: Failed to update function sendNotification in region us-central1
    at C:\Users\YJIAN\AppData\Roaming\npm\node_modules\firebase-tools\lib\deploy\functions\release\fabricator.js:41:11
    at processTicksAndRejections (node:internal/process/task_queues:96:5)
    at async Fabricator.updateV1Function (C:\Users\YJIAN\AppData\Roaming\npm\node_modules\firebase-tools\lib\deploy\functions\release\fabricator.js:304:32)
    at async Fabricator.updateEndpoint (C:\Users\YJIAN\AppData\Roaming\npm\node_modules\firebase-tools\lib\deploy\functions\release\fabricator.js:140:13)
    at async handle (C:\Users\YJIAN\AppData\Roaming\npm\node_modules\firebase-tools\lib\deploy\functions\release\fabricator.js:78:17)
[error] 
[error] Error: There was an error deploying functions
